['params_AP-MS_accTh00_FPR005_FNR00.json', 'params_AP-MS_accTh00_FPR005_FNR005.json', 'params_AP-MS_accTh00_FPR005_FNR01.json', 'params_AP-MS_accTh00_FPR005_FNR015.json', 'params_AP-MS_accTh00_FPR005_FNR02.json', 'params_AP-MS_accTh00_FPR005_FNR025.json', 'params_AP-MS_accTh00_FPR005_FNR03.json', 'params_AP-MS_accTh00_FPR005_FNR035.json']
joblib.externals.loky.process_executor._RemoteTraceback: 
"""
Traceback (most recent call last):
  File "/home/ieo5924/mambaforge/envs/simulation_env/lib/python3.8/site-packages/joblib/externals/loky/process_executor.py", line 428, in _process_worker
    r = call_item()
  File "/home/ieo5924/mambaforge/envs/simulation_env/lib/python3.8/site-packages/joblib/externals/loky/process_executor.py", line 275, in __call__
    return self.fn(*self.args, **self.kwargs)
  File "/home/ieo5924/mambaforge/envs/simulation_env/lib/python3.8/site-packages/joblib/_parallel_backends.py", line 620, in __call__
    return self.func(*args, **kwargs)
  File "/home/ieo5924/mambaforge/envs/simulation_env/lib/python3.8/site-packages/joblib/parallel.py", line 288, in __call__
    return [func(*args, **kwargs)
  File "/home/ieo5924/mambaforge/envs/simulation_env/lib/python3.8/site-packages/joblib/parallel.py", line 288, in <listcomp>
    return [func(*args, **kwargs)
  File "script_simulation.py", line 106, in simulation_forParallel
    json.dump(results4json, codecs.open(d+'/all_results_'+parameters.test_method + '_'+ 'accTh' + str(parameters.acceptance_threshold).replace('.','') + '_FPR'+ str(parameters.false_positive_rate).replace('.','') + '_FNR'+ str(parameters.false_negative_rate).replace('.','')+'.json', 'w', encoding='utf-8'), separators=(',', ':'), sort_keys=True, indent=4)
NameError: name 'codecs' is not defined
"""

The above exception was the direct cause of the following exception:

Traceback (most recent call last):
  File "script_simulation.py", line 124, in <module>
    Parallel(n_jobs = jobs)(delayed(simulation_forParallel)(m,f,nsg) for f in files)
  File "/home/ieo5924/mambaforge/envs/simulation_env/lib/python3.8/site-packages/joblib/parallel.py", line 1098, in __call__
    self.retrieve()
  File "/home/ieo5924/mambaforge/envs/simulation_env/lib/python3.8/site-packages/joblib/parallel.py", line 975, in retrieve
    self._output.extend(job.get(timeout=self.timeout))
  File "/home/ieo5924/mambaforge/envs/simulation_env/lib/python3.8/site-packages/joblib/_parallel_backends.py", line 567, in wrap_future_result
    return future.result(timeout=timeout)
  File "/home/ieo5924/mambaforge/envs/simulation_env/lib/python3.8/concurrent/futures/_base.py", line 444, in result
    return self.__get_result()
  File "/home/ieo5924/mambaforge/envs/simulation_env/lib/python3.8/concurrent/futures/_base.py", line 389, in __get_result
    raise self._exception
NameError: name 'codecs' is not defined
parameters files done!
Y2H
['params_AP-MS_accTh00_FPR005_FNR00.json', 'params_Y2H_accTh00_FPR00_FNR00.json']
joblib.externals.loky.process_executor._RemoteTraceback: 
"""
Traceback (most recent call last):
  File "/home/ieo5924/mambaforge/envs/simulation_env/lib/python3.8/site-packages/joblib/externals/loky/process_executor.py", line 428, in _process_worker
    r = call_item()
  File "/home/ieo5924/mambaforge/envs/simulation_env/lib/python3.8/site-packages/joblib/externals/loky/process_executor.py", line 275, in __call__
    return self.fn(*self.args, **self.kwargs)
  File "/home/ieo5924/mambaforge/envs/simulation_env/lib/python3.8/site-packages/joblib/_parallel_backends.py", line 620, in __call__
    return self.func(*args, **kwargs)
  File "/home/ieo5924/mambaforge/envs/simulation_env/lib/python3.8/site-packages/joblib/parallel.py", line 288, in __call__
    return [func(*args, **kwargs)
  File "/home/ieo5924/mambaforge/envs/simulation_env/lib/python3.8/site-packages/joblib/parallel.py", line 288, in <listcomp>
    return [func(*args, **kwargs)
  File "script_simulation.py", line 90, in simulation_forParallel
    parameters = ppinetsim.Parameters('parameter_settings/all_param_combinations/'+m+'/'+f)
  File "/data/marta_dare/ppi-network-simulation/ppinetsim/parameters.py", line 70, in __init__
    fp = open(path_to_json)
FileNotFoundError: [Errno 2] No such file or directory: 'parameter_settings/all_param_combinations/Y2H/params_AP-MS_accTh00_FPR005_FNR00.json'
"""

The above exception was the direct cause of the following exception:

Traceback (most recent call last):
  File "script_simulation.py", line 127, in <module>
    Parallel(n_jobs = jobs)(delayed(simulation_forParallel)(m,f,nsg) for f in files)
  File "/home/ieo5924/mambaforge/envs/simulation_env/lib/python3.8/site-packages/joblib/parallel.py", line 1098, in __call__
    self.retrieve()
  File "/home/ieo5924/mambaforge/envs/simulation_env/lib/python3.8/site-packages/joblib/parallel.py", line 975, in retrieve
    self._output.extend(job.get(timeout=self.timeout))
  File "/home/ieo5924/mambaforge/envs/simulation_env/lib/python3.8/site-packages/joblib/_parallel_backends.py", line 567, in wrap_future_result
    return future.result(timeout=timeout)
  File "/home/ieo5924/mambaforge/envs/simulation_env/lib/python3.8/concurrent/futures/_base.py", line 444, in result
    return self.__get_result()
  File "/home/ieo5924/mambaforge/envs/simulation_env/lib/python3.8/concurrent/futures/_base.py", line 389, in __get_result
    raise self._exception
FileNotFoundError: [Errno 2] No such file or directory: 'parameter_settings/all_param_combinations/Y2H/params_AP-MS_accTh00_FPR005_FNR00.json'
parameters files done!
Y2H
['paraY2HH_accTh00_FPR005_FNR00.json', 'params_Y2H_accTh00_FPR00_FNR00.json']
joblib.externals.loky.process_executor._RemoteTraceback: 
"""
Traceback (most recent call last):
  File "/home/ieo5924/mambaforge/envs/simulation_env/lib/python3.8/site-packages/joblib/externals/loky/process_executor.py", line 428, in _process_worker
    r = call_item()
  File "/home/ieo5924/mambaforge/envs/simulation_env/lib/python3.8/site-packages/joblib/externals/loky/process_executor.py", line 275, in __call__
    return self.fn(*self.args, **self.kwargs)
  File "/home/ieo5924/mambaforge/envs/simulation_env/lib/python3.8/site-packages/joblib/_parallel_backends.py", line 620, in __call__
    return self.func(*args, **kwargs)
  File "/home/ieo5924/mambaforge/envs/simulation_env/lib/python3.8/site-packages/joblib/parallel.py", line 288, in __call__
    return [func(*args, **kwargs)
  File "/home/ieo5924/mambaforge/envs/simulation_env/lib/python3.8/site-packages/joblib/parallel.py", line 288, in <listcomp>
    return [func(*args, **kwargs)
  File "script_simulation.py", line 90, in simulation_forParallel
    parameters = ppinetsim.Parameters('parameter_settings/all_param_combinations/'+m+'/'+f)
  File "/data/marta_dare/ppi-network-simulation/ppinetsim/parameters.py", line 70, in __init__
    fp = open(path_to_json)
FileNotFoundError: [Errno 2] No such file or directory: 'parameter_settings/all_param_combinations/Y2H/paraY2HH_accTh00_FPR005_FNR00.json'
"""

The above exception was the direct cause of the following exception:

Traceback (most recent call last):
  File "script_simulation.py", line 127, in <module>
    Parallel(n_jobs = jobs)(delayed(simulation_forParallel)(m,f,nsg) for f in files)
  File "/home/ieo5924/mambaforge/envs/simulation_env/lib/python3.8/site-packages/joblib/parallel.py", line 1098, in __call__
    self.retrieve()
  File "/home/ieo5924/mambaforge/envs/simulation_env/lib/python3.8/site-packages/joblib/parallel.py", line 975, in retrieve
    self._output.extend(job.get(timeout=self.timeout))
  File "/home/ieo5924/mambaforge/envs/simulation_env/lib/python3.8/site-packages/joblib/_parallel_backends.py", line 567, in wrap_future_result
    return future.result(timeout=timeout)
  File "/home/ieo5924/mambaforge/envs/simulation_env/lib/python3.8/concurrent/futures/_base.py", line 444, in result
    return self.__get_result()
  File "/home/ieo5924/mambaforge/envs/simulation_env/lib/python3.8/concurrent/futures/_base.py", line 389, in __get_result
    raise self._exception
FileNotFoundError: [Errno 2] No such file or directory: 'parameter_settings/all_param_combinations/Y2H/paraY2HH_accTh00_FPR005_FNR00.json'
parameters files done!
Y2H
['params_Y2H_accTh00_FPR005_FNR00.json', 'params_Y2H_accTh00_FPR00_FNR00.json']
parameters files done!
AP-MS
['params_AP-MS_accTh00_FPR005_FNR00.json', 'params_AP-MS_accTh00_FPR005_FNR005.json', 'params_AP-MS_accTh00_FPR005_FNR01.json', 'params_AP-MS_accTh00_FPR005_FNR015.json', 'params_AP-MS_accTh00_FPR005_FNR02.json', 'params_AP-MS_accTh00_FPR005_FNR025.json', 'params_AP-MS_accTh00_FPR005_FNR03.json', 'params_AP-MS_accTh00_FPR005_FNR035.json', 'params_AP-MS_accTh00_FPR005_FNR04.json', 'params_AP-MS_accTh00_FPR00_FNR00.json', 'params_AP-MS_accTh00_FPR00_FNR005.json', 'params_AP-MS_accTh00_FPR00_FNR01.json', 'params_AP-MS_accTh00_FPR00_FNR015.json', 'params_AP-MS_accTh00_FPR00_FNR02.json', 'params_AP-MS_accTh00_FPR00_FNR025.json', 'params_AP-MS_accTh00_FPR00_FNR03.json']
params_AP-MS_accTh00_FPR005_FNR00.json
params_AP-MS_accTh00_FPR00_FNR005.json
params_AP-MS_accTh00_FPR005_FNR005.json
params_AP-MS_accTh00_FPR00_FNR00.json
params_AP-MS_accTh00_FPR005_FNR025.json
params_AP-MS_accTh00_FPR00_FNR02.json
params_AP-MS_accTh00_FPR005_FNR015.json
params_AP-MS_accTh00_FPR005_FNR04.json
params_AP-MS_accTh00_FPR005_FNR02.json
params_AP-MS_accTh00_FPR00_FNR01.json
params_AP-MS_accTh00_FPR005_FNR01.json
params_AP-MS_accTh00_FPR00_FNR015.json
params_AP-MS_accTh00_FPR005_FNR03.json
params_AP-MS_accTh00_FPR00_FNR03.json
208716.4348373413
params_AP-MS_accTh00_FPR005_FNR035.json
params_AP-MS_accTh00_FPR00_FNR025.json
parameters files done!
AP-MS
['params_AP-MS_accTh00_FPR00_FNR035.json', 'params_AP-MS_accTh00_FPR00_FNR04.json', 'params_AP-MS_accTh00_FPR015_FNR00.json', 'params_AP-MS_accTh00_FPR015_FNR005.json', 'params_AP-MS_accTh00_FPR015_FNR01.json', 'params_AP-MS_accTh00_FPR015_FNR015.json', 'params_AP-MS_accTh00_FPR015_FNR02.json', 'params_AP-MS_accTh00_FPR015_FNR025.json']
params_AP-MS_accTh00_FPR00_FNR035.json
params_AP-MS_accTh00_FPR00_FNR04.json
params_AP-MS_accTh00_FPR015_FNR00.json
params_AP-MS_accTh00_FPR015_FNR025.json
params_AP-MS_accTh00_FPR015_FNR015.json
params_AP-MS_accTh00_FPR015_FNR02.json
params_AP-MS_accTh00_FPR015_FNR005.json
107457.49731373787
params_AP-MS_accTh00_FPR015_FNR01.json
parameters files done!
AP-MS
['params_AP-MS_accTh00_FPR015_FNR03.json', 'params_AP-MS_accTh00_FPR015_FNR035.json', 'params_AP-MS_accTh00_FPR015_FNR04.json', 'params_AP-MS_accTh00_FPR01_FNR00.json', 'params_AP-MS_accTh00_FPR01_FNR005.json', 'params_AP-MS_accTh00_FPR01_FNR01.json', 'params_AP-MS_accTh00_FPR01_FNR015.json', 'params_AP-MS_accTh00_FPR01_FNR02.json']
params_AP-MS_accTh00_FPR01_FNR02.json
params_AP-MS_accTh00_FPR01_FNR01.json
params_AP-MS_accTh00_FPR01_FNR00.json
params_AP-MS_accTh00_FPR015_FNR035.json
params_AP-MS_accTh00_FPR015_FNR04.json
params_AP-MS_accTh00_FPR015_FNR03.json
105288.40012669563
params_AP-MS_accTh00_FPR01_FNR005.json
params_AP-MS_accTh00_FPR01_FNR015.json
parameters files done!
AP-MS
['params_AP-MS_accTh00_FPR01_FNR03.json', 'params_AP-MS_accTh00_FPR01_FNR04.json', 'params_AP-MS_accTh00_FPR02_FNR00.json', 'params_AP-MS_accTh00_FPR02_FNR01.json', 'params_AP-MS_accTh00_FPR02_FNR02.json', 'params_AP-MS_accTh00_FPR02_FNR03.json', 'params_AP-MS_accTh00_FPR02_FNR04.json', 'params_AP-MS_accTh00_FPR03_FNR00.json', 'params_AP-MS_accTh00_FPR03_FNR01.json', 'params_AP-MS_accTh00_FPR03_FNR02.json', 'params_AP-MS_accTh00_FPR03_FNR03.json', 'params_AP-MS_accTh00_FPR03_FNR04.json', 'params_AP-MS_accTh00_FPR04_FNR00.json', 'params_AP-MS_accTh00_FPR04_FNR01.json', 'params_AP-MS_accTh00_FPR04_FNR02.json', 'params_AP-MS_accTh00_FPR04_FNR03.json', 'params_AP-MS_accTh00_FPR04_FNR04.json', 'params_AP-MS_accTh05_FPR00_FNR00.json', 'params_AP-MS_accTh05_FPR00_FNR01.json', 'params_AP-MS_accTh05_FPR00_FNR02.json', 'params_AP-MS_accTh05_FPR00_FNR03.json', 'params_AP-MS_accTh05_FPR00_FNR04.json', 'params_AP-MS_accTh05_FPR01_FNR00.json', 'params_AP-MS_accTh05_FPR01_FNR01.json']
params_AP-MS_accTh00_FPR02_FNR04.json
params_AP-MS_accTh00_FPR03_FNR01.json
params_AP-MS_accTh05_FPR00_FNR00.json
params_AP-MS_accTh00_FPR02_FNR01.json
params_AP-MS_accTh00_FPR04_FNR00.json
params_AP-MS_accTh05_FPR00_FNR04.json
params_AP-MS_accTh00_FPR03_FNR00.json
params_AP-MS_accTh00_FPR04_FNR01.json
params_AP-MS_accTh05_FPR00_FNR03.json
params_AP-MS_accTh00_FPR01_FNR04.json
params_AP-MS_accTh00_FPR03_FNR03.json
params_AP-MS_accTh05_FPR00_FNR01.json
params_AP-MS_accTh00_FPR01_FNR03.json
params_AP-MS_accTh00_FPR03_FNR04.json
params_AP-MS_accTh05_FPR00_FNR02.json
params_AP-MS_accTh00_FPR02_FNR02.json
params_AP-MS_accTh00_FPR03_FNR02.json
params_AP-MS_accTh00_FPR04_FNR04.json
params_AP-MS_accTh00_FPR02_FNR03.json
params_AP-MS_accTh00_FPR04_FNR02.json
params_AP-MS_accTh05_FPR01_FNR00.json
322587.7771730423
params_AP-MS_accTh00_FPR02_FNR00.json
params_AP-MS_accTh00_FPR04_FNR03.json
params_AP-MS_accTh05_FPR01_FNR01.json
